Build started 11/25/2017 1:10:32 PM.
     1>Project "E:\College\PComputing\Project-Parallel\final_parallel\final_parallel\final_parallel.vcxproj" on node 2 (build target(s)).
     1>InitializeBuildStatus:
         Creating "Debug\final_parallel.unsuccessfulbuild" because "AlwaysCreate" was specified.
       AddCudaCompileDeps:
         C:\Software\Visual Studtio C CPP comunity\vc\VC\bin\cl.exe /E /nologo /showIncludes /TP /D__CUDACC__ /DWIN32 /D_DEBUG /D_CONSOLE /D_MBCS /I"C:\Program Files\NVIDIA GPU Computing Toolkit\CUDA\v8.0\include" /I"C:\Program Files\NVIDIA GPU Computing Toolkit\CUDA\v8.0\bin" /I"C:\Program Files\NVIDIA GPU Computing Toolkit\CUDA\v8.0\include" /I. /FIcuda_runtime.h /c E:\College\PComputing\Project-Parallel\final_parallel\final_parallel\kernel.cu 
       AddCudaCompilePropsDeps:
       Skipping target "AddCudaCompilePropsDeps" because all output files are up-to-date with respect to the input files.
     1>Project "E:\College\PComputing\Project-Parallel\final_parallel\final_parallel\final_parallel.vcxproj" (1) is building "E:\College\PComputing\Project-Parallel\final_parallel\final_parallel\final_parallel.vcxproj" (1:2) on node 2 (CudaBuildCore target(s)).
     1>CudaBuildCore:
         Compiling CUDA source file kernel.cu...
         cmd.exe /C "C:\Users\Shay Zambrovski\AppData\Local\Temp\tmp52a5640d3b5842c0bb431ae0fd3ec9d2.cmd"
         "C:\Program Files\NVIDIA GPU Computing Toolkit\CUDA\v8.0\bin\nvcc.exe" -gencode=arch=compute_20,code=\"sm_20,compute_20\" --use-local-env --cl-version 2010 -ccbin "C:\Software\Visual Studtio C CPP comunity\vc\VC\bin"  -I"C:\Program Files\NVIDIA GPU Computing Toolkit\CUDA\v8.0\include" -I"C:\Program Files\NVIDIA GPU Computing Toolkit\CUDA\v8.0\include"  -G   --keep-dir Debug -maxrregcount=0  --machine 32 --compile -cudart static  -g   -DWIN32 -D_DEBUG -D_CONSOLE -D_MBCS -Xcompiler "/EHsc /W3 /nologo /Od  /Zi /RTC1 /MDd " -o Debug\kernel.cu.obj "E:\College\PComputing\Project-Parallel\final_parallel\final_parallel\kernel.cu"
         
         E:\College\PComputing\Project-Parallel\final_parallel\final_parallel>"C:\Program Files\NVIDIA GPU Computing Toolkit\CUDA\v8.0\bin\nvcc.exe" -gencode=arch=compute_20,code=\"sm_20,compute_20\" --use-local-env --cl-version 2010 -ccbin "C:\Software\Visual Studtio C CPP comunity\vc\VC\bin"  -I"C:\Program Files\NVIDIA GPU Computing Toolkit\CUDA\v8.0\include" -I"C:\Program Files\NVIDIA GPU Computing Toolkit\CUDA\v8.0\include"  -G   --keep-dir Debug -maxrregcount=0  --machine 32 --compile -cudart static  -g   -DWIN32 -D_DEBUG -D_CONSOLE -D_MBCS -Xcompiler "/EHsc /W3 /nologo /Od  /Zi /RTC1 /MDd " -o Debug\kernel.cu.obj "E:\College\PComputing\Project-Parallel\final_parallel\final_parallel\kernel.cu" 
     1>CUDACOMPILE : nvcc warning : The 'compute_20', 'sm_20', and 'sm_21' architectures are deprecated, and may be removed in a future release (Use -Wno-deprecated-gpu-targets to suppress warning).
     1>CUDACOMPILE : nvcc warning : nvcc support for Microsoft Visual Studio 2010 and earlier has been deprecated and is no longer being maintained
         kernel.cu
         support for Microsoft Visual Studio 2010 has been deprecated!
     1>Done Building Project "E:\College\PComputing\Project-Parallel\final_parallel\final_parallel\final_parallel.vcxproj" (CudaBuildCore target(s)).
     1>ClCompile:
         C:\Software\Visual Studtio C CPP comunity\vc\VC\bin\CL.exe /c /I"C:\Program Files\NVIDIA GPU Computing Toolkit\CUDA\v8.0\include" /ZI /nologo /W3 /WX- /Od /Oy- /D WIN32 /D _DEBUG /D _CONSOLE /D _MBCS /Gm /EHsc /RTC1 /MDd /GS /fp:precise /Zc:wchar_t /Zc:forScope /Fo"Debug\\" /Fd"Debug\vc100.pdb" /Gd /TP /analyze- /errorReport:prompt omp_part.cpp
         omp_part.cpp
     1>e:\college\pcomputing\project-parallel\final_parallel\final_parallel\omp_part.cpp(40): warning C4996: 'fopen': This function or variable may be unsafe. Consider using fopen_s instead. To disable deprecation, use _CRT_SECURE_NO_WARNINGS. See online help for details.
                 c:\software\visual studtio c cpp comunity\vc\vc\include\stdio.h(234) : see declaration of 'fopen'
     1>e:\college\pcomputing\project-parallel\final_parallel\final_parallel\omp_part.cpp(41): warning C4996: 'fscanf': This function or variable may be unsafe. Consider using fscanf_s instead. To disable deprecation, use _CRT_SECURE_NO_WARNINGS. See online help for details.
                 c:\software\visual studtio c cpp comunity\vc\vc\include\stdio.h(253) : see declaration of 'fscanf'
     1>e:\college\pcomputing\project-parallel\final_parallel\final_parallel\omp_part.cpp(52): warning C4996: 'fscanf': This function or variable may be unsafe. Consider using fscanf_s instead. To disable deprecation, use _CRT_SECURE_NO_WARNINGS. See online help for details.
                 c:\software\visual studtio c cpp comunity\vc\vc\include\stdio.h(253) : see declaration of 'fscanf'
     1>e:\college\pcomputing\project-parallel\final_parallel\final_parallel\omp_part.cpp(56): warning C4996: 'fscanf': This function or variable may be unsafe. Consider using fscanf_s instead. To disable deprecation, use _CRT_SECURE_NO_WARNINGS. See online help for details.
                 c:\software\visual studtio c cpp comunity\vc\vc\include\stdio.h(253) : see declaration of 'fscanf'
     1>e:\college\pcomputing\project-parallel\final_parallel\final_parallel\omp_part.cpp(264): warning C4244: 'initializing' : conversion from 'double' to 'float', possible loss of data
     1>e:\college\pcomputing\project-parallel\final_parallel\final_parallel\omp_part.cpp(265): warning C4244: 'initializing' : conversion from 'double' to 'float', possible loss of data
       ManifestResourceCompile:
         All outputs are up-to-date.
       Link:
         C:\Software\Visual Studtio C CPP comunity\vc\VC\bin\link.exe /ERRORREPORT:PROMPT /OUT:"E:\College\PComputing\Project-Parallel\final_parallel\Debug\final_parallel.exe" /INCREMENTAL /NOLOGO /LIBPATH:"C:\Program Files\NVIDIA GPU Computing Toolkit\CUDA\v8.0\lib\Win32" cudart.lib kernel32.lib user32.lib gdi32.lib winspool.lib comdlg32.lib advapi32.lib shell32.lib ole32.lib oleaut32.lib uuid.lib odbc32.lib odbccp32.lib kernel32.lib user32.lib gdi32.lib winspool.lib comdlg32.lib advapi32.lib shell32.lib ole32.lib oleaut32.lib uuid.lib odbc32.lib odbccp32.lib /MANIFEST /ManifestFile:"Debug\final_parallel.exe.intermediate.manifest" /MANIFESTUAC:"level='asInvoker' uiAccess='false'" /DEBUG /PDB:"E:\College\PComputing\Project-Parallel\final_parallel\Debug\final_parallel.pdb" /SUBSYSTEM:CONSOLE /TLBID:1 /DYNAMICBASE /NXCOMPAT /IMPLIB:"E:\College\PComputing\Project-Parallel\final_parallel\Debug\final_parallel.lib" /MACHINE:X86 Debug\kernel.cu.obj
         Debug\final_parallel.exe.embed.manifest.res
         Debug\omp_part.obj
       Manifest:
         c:\Program Files (x86)\Microsoft SDKs\Windows\v7.0A\bin\mt.exe /nologo /verbose /out:"Debug\final_parallel.exe.embed.manifest" /manifest Debug\final_parallel.exe.intermediate.manifest
         All outputs are up-to-date.
       LinkEmbedManifest:
         All outputs are up-to-date.
         final_parallel.vcxproj -> E:\College\PComputing\Project-Parallel\final_parallel\Debug\final_parallel.exe
       PostBuildEvent:
         echo copy "C:\Program Files\NVIDIA GPU Computing Toolkit\CUDA\v8.0\bin\cudart*.dll" "E:\College\PComputing\Project-Parallel\final_parallel\Debug\"
         copy "C:\Program Files\NVIDIA GPU Computing Toolkit\CUDA\v8.0\bin\cudart*.dll" "E:\College\PComputing\Project-Parallel\final_parallel\Debug\"
         :VCEnd
         copy "C:\Program Files\NVIDIA GPU Computing Toolkit\CUDA\v8.0\bin\cudart*.dll" "E:\College\PComputing\Project-Parallel\final_parallel\Debug\"
         C:\Program Files\NVIDIA GPU Computing Toolkit\CUDA\v8.0\bin\cudart32_80.dll
         C:\Program Files\NVIDIA GPU Computing Toolkit\CUDA\v8.0\bin\cudart64_80.dll
                 2 file(s) copied.
       FinalizeBuildStatus:
         Deleting file "Debug\final_parallel.unsuccessfulbuild".
         Touching "Debug\final_parallel.lastbuildstate".
     1>Done Building Project "E:\College\PComputing\Project-Parallel\final_parallel\final_parallel\final_parallel.vcxproj" (build target(s)).

Build succeeded.

Time Elapsed 00:00:04.70
